<?xml version="1.0" encoding="UTF-8"?>
<!-- Generated by org.testng.reporters.JUnitReportReporter -->
<testsuite skipped="0" hostname="admin-pc" name="pokupon.autotest.tests.ForgetPasswordTest" tests="1" failures="0" timestamp="04 дек 2017 11:22:15 GMT" time="0.261" errors="0">
  <testcase name="sendForgetPassword" time="0.261" classname="pokupon.autotest.tests.ForgetPasswordTest"/>
</testsuite> <!-- pokupon.autotest.tests.ForgetPasswordTest -->
