<?xml version="1.0" encoding="UTF-8"?>
<!-- Generated by org.testng.reporters.JUnitReportReporter -->
<testsuite skipped="0" hostname="admin-pc" name="pokupon.autotest.tests.LoginPageTest" tests="1" failures="0" timestamp="04 дек 2017 13:55:11 GMT" time="5.925" errors="0">
  <testcase name="addLoginPageTest" time="5.925" classname="pokupon.autotest.tests.LoginPageTest"/>
</testsuite> <!-- pokupon.autotest.tests.LoginPageTest -->
