<?xml version="1.0" encoding="UTF-8"?>
<!-- Generated by org.testng.reporters.JUnitReportReporter -->
<testsuite skipped="0" hostname="admin-pc" name="pokupon.autotest.tests.AddSearchRuleTest" tests="1" failures="0" timestamp="04 дек 2017 13:55:11 GMT" time="7.442" errors="0">
  <testcase name="addSearchRuleTest" time="7.442" classname="pokupon.autotest.tests.AddSearchRuleTest"/>
</testsuite> <!-- pokupon.autotest.tests.AddSearchRuleTest -->
